<beans xmlns="http://www.springframework.org/schema/beans"
       xmlns:xsi="http://www.w3.org/2001/XMLSchema-instance"
       xmlns:context="http://www.springframework.org/schema/context"
       xmlns:util="http://www.springframework.org/schema/util"
       xsi:schemaLocation="http://www.springframework.org/schema/beans
	http://www.springframework.org/schema/beans/spring-beans-3.0.xsd
	http://www.springframework.org/schema/context
	http://www.springframework.org/schema/context/spring-context-3.0.xsd
	http://www.springframework.org/schema/util
	http://www.springframework.org/schema/util/spring-util-2.0.xsd">

    <import resource="classpath*:context.xml"/>
    <util:properties id="jpaProps" location="classpath:test-jpa.properties"/>

    <context:component-scan base-package="com.mycompany.hibernate" />

    <bean id="props" class="org.springframework.beans.factory.config.PropertyPlaceholderConfigurer" >
        <property name="ignoreResourceNotFound" value="true"/>
        <property name="localOverride" value="true"/>
        <property name="locations">
            <list>
                <value>classpath:test-jpa.properties</value>
            </list>
        </property>
    </bean>


</beans>